<?xml version="1.0" encoding="UTF-8"?>
<!-- Generated by org.testng.reporters.JUnitXMLReporter -->
<testsuite ignored="0" hostname="LAPTOP-VRHL0L32" failures="0" tests="3" name="Default test" time="122.131" errors="0" timestamp="2022-04-09T12:27:13 WIB">
  <testcase classname="com.juaracoding.financeApp.StepDefinitions" name="testOpenApp" time="18.279"/>
  <testcase classname="com.juaracoding.financeApp.StepDefinitions" name="testOutcome" time="41.262"/>
  <testcase classname="com.juaracoding.financeApp.StepDefinitions" name="testIncome" time="26.501"/>
</testsuite> <!-- Default test -->
